{"@timestamp":"2025-07-30T09:20:31.274+0700","level":"WARN","logger":"org.hibernate.orm.deprecation","thread":"main","message":"HHH90000025: H2Dialect does not need to be specified explicitly using 'hibernate.dialect' (remove the property setting and it will be selected by default)"}
{"@timestamp":"2025-07-30T09:20:37.840+0700","level":"WARN","logger":"org.springframework.boot.autoconfigure.orm.jpa.JpaBaseConfiguration$JpaWebConfiguration","thread":"main","message":"spring.jpa.open-in-view is enabled by default. Therefore, database queries may be performed during view rendering. Explicitly configure spring.jpa.open-in-view to disable this warning"}
{"@timestamp":"2025-07-30T09:20:42.630+0700","level":"ERROR","logger":"com.bni.api.exception.GlobalExceptionHandler","thread":"main","message":"ResponseStatusException: 400 BAD_REQUEST - Custom error message"}
{"@timestamp":"2025-07-30T09:20:42.638+0700","level":"ERROR","logger":"com.bni.api.exception.GlobalExceptionHandler","thread":"main","message":"Unhandled RuntimeException: Runtime error"}
{"@timestamp":"2025-07-30T09:20:43.568+0700","level":"WARN","logger":"com.bni.api.exception.GlobalExceptionHandler","thread":"main","message":"Validation error occurred: {field=error message}"}
{"@timestamp":"2025-07-30T09:20:45.053+0700","level":"WARN","logger":"org.hibernate.orm.deprecation","thread":"main","message":"HHH90000025: H2Dialect does not need to be specified explicitly using 'hibernate.dialect' (remove the property setting and it will be selected by default)"}
{"@timestamp":"2025-07-30T11:03:32.185+0700","level":"WARN","logger":"org.hibernate.orm.deprecation","thread":"main","message":"HHH90000025: H2Dialect does not need to be specified explicitly using 'hibernate.dialect' (remove the property setting and it will be selected by default)"}
{"@timestamp":"2025-07-30T11:03:34.261+0700","level":"WARN","logger":"org.springframework.boot.autoconfigure.orm.jpa.JpaBaseConfiguration$JpaWebConfiguration","thread":"main","message":"spring.jpa.open-in-view is enabled by default. Therefore, database queries may be performed during view rendering. Explicitly configure spring.jpa.open-in-view to disable this warning"}
{"@timestamp":"2025-07-30T11:03:36.312+0700","level":"ERROR","logger":"com.bni.api.exception.GlobalExceptionHandler","thread":"main","message":"ResponseStatusException: 400 BAD_REQUEST - Custom error message"}
{"@timestamp":"2025-07-30T11:03:36.319+0700","level":"ERROR","logger":"com.bni.api.exception.GlobalExceptionHandler","thread":"main","message":"Unhandled RuntimeException: Runtime error"}
{"@timestamp":"2025-07-30T11:03:36.826+0700","level":"WARN","logger":"com.bni.api.exception.GlobalExceptionHandler","thread":"main","message":"Validation error occurred: {field=error message}"}
{"@timestamp":"2025-07-30T11:03:37.849+0700","level":"WARN","logger":"org.hibernate.orm.deprecation","thread":"main","message":"HHH90000025: H2Dialect does not need to be specified explicitly using 'hibernate.dialect' (remove the property setting and it will be selected by default)"}
{"@timestamp":"2025-07-30T11:22:46.142+0700","level":"WARN","logger":"org.hibernate.orm.deprecation","thread":"main","message":"HHH90000025: H2Dialect does not need to be specified explicitly using 'hibernate.dialect' (remove the property setting and it will be selected by default)"}
{"@timestamp":"2025-07-30T11:22:54.016+0700","level":"WARN","logger":"org.springframework.boot.autoconfigure.orm.jpa.JpaBaseConfiguration$JpaWebConfiguration","thread":"main","message":"spring.jpa.open-in-view is enabled by default. Therefore, database queries may be performed during view rendering. Explicitly configure spring.jpa.open-in-view to disable this warning"}
{"@timestamp":"2025-07-30T11:22:59.574+0700","level":"ERROR","logger":"com.bni.api.exception.GlobalExceptionHandler","thread":"main","message":"ResponseStatusException: 400 BAD_REQUEST - Custom error message"}
{"@timestamp":"2025-07-30T11:22:59.585+0700","level":"ERROR","logger":"com.bni.api.exception.GlobalExceptionHandler","thread":"main","message":"Unhandled RuntimeException: Runtime error"}
{"@timestamp":"2025-07-30T11:23:01.535+0700","level":"WARN","logger":"com.bni.api.exception.GlobalExceptionHandler","thread":"main","message":"Validation error occurred: {field=error message}"}
{"@timestamp":"2025-07-30T11:23:05.271+0700","level":"WARN","logger":"org.hibernate.orm.deprecation","thread":"main","message":"HHH90000025: H2Dialect does not need to be specified explicitly using 'hibernate.dialect' (remove the property setting and it will be selected by default)"}
{"@timestamp":"2025-07-30T11:38:36.215+0700","level":"WARN","logger":"org.hibernate.orm.deprecation","thread":"main","message":"HHH90000025: H2Dialect does not need to be specified explicitly using 'hibernate.dialect' (remove the property setting and it will be selected by default)"}
{"@timestamp":"2025-07-30T11:38:41.578+0700","level":"WARN","logger":"org.springframework.boot.autoconfigure.orm.jpa.JpaBaseConfiguration$JpaWebConfiguration","thread":"main","message":"spring.jpa.open-in-view is enabled by default. Therefore, database queries may be performed during view rendering. Explicitly configure spring.jpa.open-in-view to disable this warning"}
{"@timestamp":"2025-07-30T11:38:46.014+0700","level":"ERROR","logger":"com.bni.api.exception.GlobalExceptionHandler","thread":"main","message":"ResponseStatusException: 400 BAD_REQUEST - Custom error message"}
{"@timestamp":"2025-07-30T11:38:46.024+0700","level":"ERROR","logger":"com.bni.api.exception.GlobalExceptionHandler","thread":"main","message":"Unhandled RuntimeException: Runtime error"}
{"@timestamp":"2025-07-30T11:38:47.588+0700","level":"WARN","logger":"com.bni.api.exception.GlobalExceptionHandler","thread":"main","message":"Validation error occurred: {field=error message}"}
{"@timestamp":"2025-07-30T11:38:50.450+0700","level":"WARN","logger":"org.hibernate.orm.deprecation","thread":"main","message":"HHH90000025: H2Dialect does not need to be specified explicitly using 'hibernate.dialect' (remove the property setting and it will be selected by default)"}
{"@timestamp":"2025-07-30T12:49:00.694+0700","level":"WARN","logger":"org.hibernate.orm.deprecation","thread":"main","message":"HHH90000025: H2Dialect does not need to be specified explicitly using 'hibernate.dialect' (remove the property setting and it will be selected by default)"}
{"@timestamp":"2025-07-30T12:49:02.898+0700","level":"WARN","logger":"org.springframework.boot.autoconfigure.orm.jpa.JpaBaseConfiguration$JpaWebConfiguration","thread":"main","message":"spring.jpa.open-in-view is enabled by default. Therefore, database queries may be performed during view rendering. Explicitly configure spring.jpa.open-in-view to disable this warning"}
{"@timestamp":"2025-07-30T12:49:04.832+0700","level":"ERROR","logger":"com.bni.api.exception.GlobalExceptionHandler","thread":"main","message":"ResponseStatusException: 400 BAD_REQUEST - Custom error message"}
{"@timestamp":"2025-07-30T12:49:04.841+0700","level":"ERROR","logger":"com.bni.api.exception.GlobalExceptionHandler","thread":"main","message":"Unhandled RuntimeException: Runtime error"}
{"@timestamp":"2025-07-30T12:49:05.329+0700","level":"WARN","logger":"com.bni.api.exception.GlobalExceptionHandler","thread":"main","message":"Validation error occurred: {field=error message}"}
{"@timestamp":"2025-07-30T12:49:06.260+0700","level":"WARN","logger":"org.hibernate.orm.deprecation","thread":"main","message":"HHH90000025: H2Dialect does not need to be specified explicitly using 'hibernate.dialect' (remove the property setting and it will be selected by default)"}
{"@timestamp":"2025-07-30T12:59:31.691+0700","level":"WARN","logger":"org.hibernate.orm.deprecation","thread":"main","message":"HHH90000025: H2Dialect does not need to be specified explicitly using 'hibernate.dialect' (remove the property setting and it will be selected by default)"}
{"@timestamp":"2025-07-30T12:59:34.027+0700","level":"WARN","logger":"org.springframework.boot.autoconfigure.orm.jpa.JpaBaseConfiguration$JpaWebConfiguration","thread":"main","message":"spring.jpa.open-in-view is enabled by default. Therefore, database queries may be performed during view rendering. Explicitly configure spring.jpa.open-in-view to disable this warning"}
{"@timestamp":"2025-07-30T12:59:35.936+0700","level":"ERROR","logger":"com.bni.api.exception.GlobalExceptionHandler","thread":"main","message":"ResponseStatusException: 400 BAD_REQUEST - Custom error message"}
{"@timestamp":"2025-07-30T12:59:35.942+0700","level":"ERROR","logger":"com.bni.api.exception.GlobalExceptionHandler","thread":"main","message":"Unhandled RuntimeException: Runtime error"}
{"@timestamp":"2025-07-30T12:59:36.463+0700","level":"WARN","logger":"com.bni.api.exception.GlobalExceptionHandler","thread":"main","message":"Validation error occurred: {field=error message}"}
{"@timestamp":"2025-07-30T12:59:37.494+0700","level":"WARN","logger":"org.hibernate.orm.deprecation","thread":"main","message":"HHH90000025: H2Dialect does not need to be specified explicitly using 'hibernate.dialect' (remove the property setting and it will be selected by default)"}
