{"@timestamp":"2025-07-28T14:37:35.591+0700","level":"WARN","logger":"org.hibernate.orm.deprecation","thread":"main","message":"HHH90000025: H2Dialect does not need to be specified explicitly using 'hibernate.dialect' (remove the property setting and it will be selected by default)"}
{"@timestamp":"2025-07-28T14:37:38.658+0700","level":"WARN","logger":"org.springframework.boot.autoconfigure.orm.jpa.JpaBaseConfiguration$JpaWebConfiguration","thread":"main","message":"spring.jpa.open-in-view is enabled by default. Therefore, database queries may be performed during view rendering. Explicitly configure spring.jpa.open-in-view to disable this warning"}
{"@timestamp":"2025-07-28T14:37:43.014+0700","level":"ERROR","logger":"com.bni.api.exception.GlobalExceptionHandler","thread":"main","message":"ResponseStatusException: 400 BAD_REQUEST - Custom error message"}
{"@timestamp":"2025-07-28T14:37:43.017+0700","level":"ERROR","logger":"com.bni.api.exception.GlobalExceptionHandler","thread":"main","message":"Unhandled RuntimeException: Runtime error"}
{"@timestamp":"2025-07-28T14:37:43.756+0700","level":"WARN","logger":"com.bni.api.exception.GlobalExceptionHandler","thread":"main","message":"Validation error occurred: {field=error message}"}
{"@timestamp":"2025-07-28T14:37:45.476+0700","level":"WARN","logger":"org.hibernate.orm.deprecation","thread":"main","message":"HHH90000025: H2Dialect does not need to be specified explicitly using 'hibernate.dialect' (remove the property setting and it will be selected by default)"}
{"@timestamp":"2025-07-28T14:37:59.711+0700","level":"INFO","logger":"org.hibernate.validator.internal.util.Version","thread":"background-preinit","message":"HV000001: Hibernate Validator 8.0.2.Final"}
{"@timestamp":"2025-07-28T14:37:59.768+0700","level":"INFO","logger":"com.bni.api.ApiApplication","thread":"main","message":"Starting ApiApplication using Java 21.0.6 with PID 4436 (C:\\Users\\User\\Documents\\GitHub\\api\\target\\classes started by User in C:\\Users\\User\\Documents\\GitHub\\api)"}
{"@timestamp":"2025-07-28T14:37:59.768+0700","level":"DEBUG","logger":"com.bni.api.ApiApplication","thread":"main","message":"Running with Spring Boot v3.5.3, Spring v6.2.8"}
{"@timestamp":"2025-07-28T14:37:59.768+0700","level":"INFO","logger":"com.bni.api.ApiApplication","thread":"main","message":"No active profile set, falling back to 1 default profile: \"default\""}
{"@timestamp":"2025-07-28T14:38:00.456+0700","level":"INFO","logger":"org.springframework.data.repository.config.RepositoryConfigurationDelegate","thread":"main","message":"Multiple Spring Data modules found, entering strict repository configuration mode"}
{"@timestamp":"2025-07-28T14:38:00.457+0700","level":"INFO","logger":"org.springframework.data.repository.config.RepositoryConfigurationDelegate","thread":"main","message":"Bootstrapping Spring Data JPA repositories in DEFAULT mode."}
{"@timestamp":"2025-07-28T14:38:00.649+0700","level":"INFO","logger":"org.springframework.data.repository.config.RepositoryConfigurationDelegate","thread":"main","message":"Finished Spring Data repository scanning in 186 ms. Found 2 JPA repository interfaces."}
{"@timestamp":"2025-07-28T14:38:00.667+0700","level":"INFO","logger":"org.springframework.data.repository.config.RepositoryConfigurationDelegate","thread":"main","message":"Multiple Spring Data modules found, entering strict repository configuration mode"}
{"@timestamp":"2025-07-28T14:38:00.668+0700","level":"INFO","logger":"org.springframework.data.repository.config.RepositoryConfigurationDelegate","thread":"main","message":"Bootstrapping Spring Data Redis repositories in DEFAULT mode."}
{"@timestamp":"2025-07-28T14:38:00.683+0700","level":"INFO","logger":"org.springframework.data.repository.config.RepositoryConfigurationExtensionSupport","thread":"main","message":"Spring Data Redis - Could not safely identify store assignment for repository candidate interface com.bni.api.repository.LoginAttemptRepository; If you want this repository to be a Redis repository, consider annotating your entities with one of these annotations: org.springframework.data.redis.core.RedisHash (preferred), or consider extending one of the following types with your repository: org.springframework.data.keyvalue.repository.KeyValueRepository"}
{"@timestamp":"2025-07-28T14:38:00.684+0700","level":"INFO","logger":"org.springframework.data.repository.config.RepositoryConfigurationExtensionSupport","thread":"main","message":"Spring Data Redis - Could not safely identify store assignment for repository candidate interface com.bni.api.repository.UserRepository; If you want this repository to be a Redis repository, consider annotating your entities with one of these annotations: org.springframework.data.redis.core.RedisHash (preferred), or consider extending one of the following types with your repository: org.springframework.data.keyvalue.repository.KeyValueRepository"}
{"@timestamp":"2025-07-28T14:38:00.684+0700","level":"INFO","logger":"org.springframework.data.repository.config.RepositoryConfigurationDelegate","thread":"main","message":"Finished Spring Data repository scanning in 7 ms. Found 0 Redis repository interfaces."}
{"@timestamp":"2025-07-28T14:38:01.258+0700","level":"INFO","logger":"org.springframework.boot.web.embedded.tomcat.TomcatWebServer","thread":"main","message":"Tomcat initialized with port 8080 (http)"}
{"@timestamp":"2025-07-28T14:38:01.281+0700","level":"INFO","logger":"org.apache.coyote.http11.Http11NioProtocol","thread":"main","message":"Initializing ProtocolHandler [\"http-nio-8080\"]"}
{"@timestamp":"2025-07-28T14:38:01.284+0700","level":"INFO","logger":"org.apache.catalina.core.StandardService","thread":"main","message":"Starting service [Tomcat]"}
{"@timestamp":"2025-07-28T14:38:01.284+0700","level":"INFO","logger":"org.apache.catalina.core.StandardEngine","thread":"main","message":"Starting Servlet engine: [Apache Tomcat/10.1.42]"}
{"@timestamp":"2025-07-28T14:38:01.356+0700","level":"INFO","logger":"org.apache.catalina.core.ContainerBase.[Tomcat].[localhost].[/]","thread":"main","message":"Initializing Spring embedded WebApplicationContext"}
{"@timestamp":"2025-07-28T14:38:01.356+0700","level":"INFO","logger":"org.springframework.boot.web.servlet.context.ServletWebServerApplicationContext","thread":"main","message":"Root WebApplicationContext: initialization completed in 1546 ms"}
{"@timestamp":"2025-07-28T14:38:01.480+0700","level":"INFO","logger":"org.hibernate.jpa.internal.util.LogHelper","thread":"main","message":"HHH000204: Processing PersistenceUnitInfo [name: default]"}
{"@timestamp":"2025-07-28T14:38:01.552+0700","level":"INFO","logger":"org.hibernate.Version","thread":"main","message":"HHH000412: Hibernate ORM core version 6.6.18.Final"}
{"@timestamp":"2025-07-28T14:38:01.589+0700","level":"INFO","logger":"org.hibernate.cache.internal.RegionFactoryInitiator","thread":"main","message":"HHH000026: Second-level cache disabled"}
{"@timestamp":"2025-07-28T14:38:01.875+0700","level":"INFO","logger":"org.springframework.orm.jpa.persistenceunit.SpringPersistenceUnitInfo","thread":"main","message":"No LoadTimeWeaver setup: ignoring JPA class transformer"}
{"@timestamp":"2025-07-28T14:38:01.902+0700","level":"INFO","logger":"com.zaxxer.hikari.HikariDataSource","thread":"main","message":"HikariPool-1 - Starting..."}
{"@timestamp":"2025-07-28T14:38:02.533+0700","level":"INFO","logger":"com.zaxxer.hikari.pool.HikariPool","thread":"main","message":"HikariPool-1 - Added connection org.postgresql.jdbc.PgConnection@6104691c"}
{"@timestamp":"2025-07-28T14:38:02.539+0700","level":"INFO","logger":"com.zaxxer.hikari.HikariDataSource","thread":"main","message":"HikariPool-1 - Start completed."}
{"@timestamp":"2025-07-28T14:38:02.593+0700","level":"WARN","logger":"org.hibernate.orm.deprecation","thread":"main","message":"HHH90000025: PostgreSQLDialect does not need to be specified explicitly using 'hibernate.dialect' (remove the property setting and it will be selected by default)"}
{"@timestamp":"2025-07-28T14:38:02.671+0700","level":"INFO","logger":"org.hibernate.orm.connections.pooling","thread":"main","message":"HHH10001005: Database info:\n\tDatabase JDBC URL [Connecting through datasource 'HikariDataSource (HikariPool-1)']\n\tDatabase driver: undefined/unknown\n\tDatabase version: 17.5\n\tAutocommit mode: undefined/unknown\n\tIsolation level: undefined/unknown\n\tMinimum pool size: undefined/unknown\n\tMaximum pool size: undefined/unknown"}
{"@timestamp":"2025-07-28T14:38:03.581+0700","level":"INFO","logger":"org.hibernate.engine.transaction.jta.platform.internal.JtaPlatformInitiator","thread":"main","message":"HHH000489: No JTA platform available (set 'hibernate.transaction.jta.platform' to enable JTA platform integration)"}
{"@timestamp":"2025-07-28T14:38:03.735+0700","level":"INFO","logger":"org.springframework.orm.jpa.LocalContainerEntityManagerFactoryBean","thread":"main","message":"Initialized JPA EntityManagerFactory for persistence unit 'default'"}
{"@timestamp":"2025-07-28T14:38:04.323+0700","level":"DEBUG","logger":"com.bni.api.filter.JwtRequestFilter","thread":"main","message":"Filter 'jwtRequestFilter' configured for use"}
{"@timestamp":"2025-07-28T14:38:04.475+0700","level":"WARN","logger":"org.springframework.boot.autoconfigure.orm.jpa.JpaBaseConfiguration$JpaWebConfiguration","thread":"main","message":"spring.jpa.open-in-view is enabled by default. Therefore, database queries may be performed during view rendering. Explicitly configure spring.jpa.open-in-view to disable this warning"}
{"@timestamp":"2025-07-28T14:38:04.658+0700","level":"INFO","logger":"org.springframework.security.config.annotation.authentication.configuration.InitializeUserDetailsBeanManagerConfigurer$InitializeUserDetailsManagerConfigurer","thread":"main","message":"Global AuthenticationManager configured with UserDetailsService bean with name userService"}
{"@timestamp":"2025-07-28T14:38:05.027+0700","level":"INFO","logger":"org.apache.coyote.http11.Http11NioProtocol","thread":"main","message":"Starting ProtocolHandler [\"http-nio-8080\"]"}
{"@timestamp":"2025-07-28T14:38:05.054+0700","level":"INFO","logger":"org.springframework.boot.web.embedded.tomcat.TomcatWebServer","thread":"main","message":"Tomcat started on port 8080 (http) with context path '/'"}
{"@timestamp":"2025-07-28T14:38:05.063+0700","level":"INFO","logger":"com.bni.api.ApiApplication","thread":"main","message":"Started ApiApplication in 6.132 seconds (process running for 6.603)"}
{"@timestamp":"2025-07-28T14:38:11.853+0700","level":"INFO","logger":"org.apache.catalina.core.ContainerBase.[Tomcat].[localhost].[/]","thread":"http-nio-8080-exec-1","message":"Initializing Spring DispatcherServlet 'dispatcherServlet'"}
{"@timestamp":"2025-07-28T14:38:11.853+0700","level":"INFO","logger":"org.springframework.web.servlet.DispatcherServlet","thread":"http-nio-8080-exec-1","message":"Initializing Servlet 'dispatcherServlet'"}
{"@timestamp":"2025-07-28T14:38:11.856+0700","level":"INFO","logger":"org.springframework.web.servlet.DispatcherServlet","thread":"http-nio-8080-exec-1","message":"Completed initialization in 3 ms"}
{"@timestamp":"2025-07-28T14:38:12.019+0700","level":"INFO","logger":"com.bni.api.controller.AuthController","thread":"http-nio-8080-exec-1","message":"Login request received for username: nessia1"}
{"@timestamp":"2025-07-28T14:38:12.329+0700","level":"INFO","logger":"com.bni.api.controller.AuthController","thread":"http-nio-8080-exec-1","message":"User login successful: nessia1"}
{"@timestamp":"2025-07-28T14:41:05.595+0700","level":"INFO","logger":"com.bni.api.controller.AuthController","thread":"http-nio-8080-exec-7","message":"Register request received for username: nessia1, email: ness1@gmail.com"}
{"@timestamp":"2025-07-28T14:41:05.666+0700","level":"ERROR","logger":"com.bni.api.exception.GlobalExceptionHandler","thread":"http-nio-8080-exec-7","message":"ResponseStatusException: 400 BAD_REQUEST - Username already exists"}
{"@timestamp":"2025-07-28T14:42:25.205+0700","level":"INFO","logger":"com.bni.api.controller.AuthController","thread":"http-nio-8080-exec-10","message":"Login request received for username: nessia1"}
{"@timestamp":"2025-07-28T14:42:25.220+0700","level":"WARN","logger":"com.zaxxer.hikari.pool.PoolBase","thread":"http-nio-8080-exec-10","message":"HikariPool-1 - Failed to validate connection org.postgresql.jdbc.PgConnection@6104691c (This connection has been closed.). Possibly consider using a shorter maxLifetime value."}
{"@timestamp":"2025-07-28T14:42:25.224+0700","level":"WARN","logger":"com.zaxxer.hikari.pool.PoolBase","thread":"http-nio-8080-exec-10","message":"HikariPool-1 - Failed to validate connection org.postgresql.jdbc.PgConnection@1e6efa38 (This connection has been closed.). Possibly consider using a shorter maxLifetime value."}
{"@timestamp":"2025-07-28T14:42:25.225+0700","level":"WARN","logger":"com.zaxxer.hikari.pool.PoolBase","thread":"http-nio-8080-exec-10","message":"HikariPool-1 - Failed to validate connection org.postgresql.jdbc.PgConnection@2e0a1c1e (This connection has been closed.). Possibly consider using a shorter maxLifetime value."}
{"@timestamp":"2025-07-28T14:42:25.228+0700","level":"WARN","logger":"com.zaxxer.hikari.pool.PoolBase","thread":"http-nio-8080-exec-10","message":"HikariPool-1 - Failed to validate connection org.postgresql.jdbc.PgConnection@7bab2c19 (This connection has been closed.). Possibly consider using a shorter maxLifetime value."}
{"@timestamp":"2025-07-28T14:42:25.229+0700","level":"WARN","logger":"com.zaxxer.hikari.pool.PoolBase","thread":"http-nio-8080-exec-10","message":"HikariPool-1 - Failed to validate connection org.postgresql.jdbc.PgConnection@18e84402 (This connection has been closed.). Possibly consider using a shorter maxLifetime value."}
{"@timestamp":"2025-07-28T14:42:25.231+0700","level":"WARN","logger":"com.zaxxer.hikari.pool.PoolBase","thread":"http-nio-8080-exec-10","message":"HikariPool-1 - Failed to validate connection org.postgresql.jdbc.PgConnection@71bec21d (This connection has been closed.). Possibly consider using a shorter maxLifetime value."}
{"@timestamp":"2025-07-28T14:42:25.233+0700","level":"WARN","logger":"com.zaxxer.hikari.pool.PoolBase","thread":"http-nio-8080-exec-10","message":"HikariPool-1 - Failed to validate connection org.postgresql.jdbc.PgConnection@f2adad8 (This connection has been closed.). Possibly consider using a shorter maxLifetime value."}
{"@timestamp":"2025-07-28T14:42:25.236+0700","level":"WARN","logger":"com.zaxxer.hikari.pool.PoolBase","thread":"http-nio-8080-exec-10","message":"HikariPool-1 - Failed to validate connection org.postgresql.jdbc.PgConnection@2dc3e4c0 (This connection has been closed.). Possibly consider using a shorter maxLifetime value."}
{"@timestamp":"2025-07-28T14:42:25.238+0700","level":"WARN","logger":"com.zaxxer.hikari.pool.PoolBase","thread":"http-nio-8080-exec-10","message":"HikariPool-1 - Failed to validate connection org.postgresql.jdbc.PgConnection@77516d2e (This connection has been closed.). Possibly consider using a shorter maxLifetime value."}
{"@timestamp":"2025-07-28T14:42:25.240+0700","level":"WARN","logger":"com.zaxxer.hikari.pool.PoolBase","thread":"http-nio-8080-exec-10","message":"HikariPool-1 - Failed to validate connection org.postgresql.jdbc.PgConnection@70f8f7f3 (This connection has been closed.). Possibly consider using a shorter maxLifetime value."}
{"@timestamp":"2025-07-28T14:42:25.564+0700","level":"INFO","logger":"com.bni.api.controller.AuthController","thread":"http-nio-8080-exec-10","message":"User login successful: nessia1"}
{"@timestamp":"2025-07-28T14:43:55.580+0700","level":"INFO","logger":"com.bni.api.controller.AuthController","thread":"http-nio-8080-exec-4","message":"Firebase token verification request received."}
{"@timestamp":"2025-07-28T14:43:55.660+0700","level":"ERROR","logger":"com.bni.api.exception.GlobalExceptionHandler","thread":"http-nio-8080-exec-4","message":"ResponseStatusException: 401 UNAUTHORIZED - Firebase ID Token invalid or expired: Firebase ID token has expired. Get a fresh ID token and try again. See https://firebase.google.com/docs/auth/admin/verify-id-tokens for details on how to retrieve an ID token."}
{"@timestamp":"2025-07-28T14:46:30.808+0700","level":"WARN","logger":"org.springframework.web.servlet.mvc.support.DefaultHandlerExceptionResolver","thread":"http-nio-8080-exec-7","message":"Resolved [org.springframework.web.HttpRequestMethodNotSupportedException: Request method 'GET' is not supported]"}
{"@timestamp":"2025-07-28T14:46:46.312+0700","level":"WARN","logger":"org.springframework.web.servlet.mvc.support.DefaultHandlerExceptionResolver","thread":"http-nio-8080-exec-6","message":"Resolved [org.springframework.web.HttpRequestMethodNotSupportedException: Request method 'GET' is not supported]"}
{"@timestamp":"2025-07-28T22:10:40.552+0700","level":"WARN","logger":"org.hibernate.orm.deprecation","thread":"main","message":"HHH90000025: H2Dialect does not need to be specified explicitly using 'hibernate.dialect' (remove the property setting and it will be selected by default)"}
{"@timestamp":"2025-07-28T22:10:43.155+0700","level":"WARN","logger":"org.springframework.boot.autoconfigure.orm.jpa.JpaBaseConfiguration$JpaWebConfiguration","thread":"main","message":"spring.jpa.open-in-view is enabled by default. Therefore, database queries may be performed during view rendering. Explicitly configure spring.jpa.open-in-view to disable this warning"}
{"@timestamp":"2025-07-28T22:10:45.204+0700","level":"ERROR","logger":"com.bni.api.exception.GlobalExceptionHandler","thread":"main","message":"ResponseStatusException: 400 BAD_REQUEST - Custom error message"}
{"@timestamp":"2025-07-28T22:10:45.208+0700","level":"ERROR","logger":"com.bni.api.exception.GlobalExceptionHandler","thread":"main","message":"Unhandled RuntimeException: Runtime error"}
{"@timestamp":"2025-07-28T22:10:45.832+0700","level":"WARN","logger":"com.bni.api.exception.GlobalExceptionHandler","thread":"main","message":"Validation error occurred: {field=error message}"}
{"@timestamp":"2025-07-28T22:10:46.912+0700","level":"WARN","logger":"org.hibernate.orm.deprecation","thread":"main","message":"HHH90000025: H2Dialect does not need to be specified explicitly using 'hibernate.dialect' (remove the property setting and it will be selected by default)"}
